<?xml version="1.0" encoding="UTF-8"?>
<!-- Generated by org.testng.reporters.JUnitReportReporter -->
<testsuite hostname="DESKTOP-1E2GB2V" name="testset.TestLogin" tests="3" failures="0" timestamp="5 Dec 2023 12:59:56 GMT" time="14.800" errors="0">
  <testcase name="login" time="11.911" classname="testset.TestLogin"/>
  <testcase name="getUsername" time="0.537" classname="testset.TestLogin"/>
  <testcase name="signOut" time="2.352" classname="testset.TestLogin"/>
</testsuite> <!-- testset.TestLogin -->
